[debug] [2024-02-11T08:49:17.763Z] ----------------------------------------------------------------------
[debug] [2024-02-11T08:49:17.766Z] Command:       /usr/local/bin/node /usr/local/bin/firebase deploy --only functions
[debug] [2024-02-11T08:49:17.766Z] CLI Version:   13.2.1
[debug] [2024-02-11T08:49:17.766Z] Platform:      darwin
[debug] [2024-02-11T08:49:17.766Z] Node Version:  v21.6.1
[debug] [2024-02-11T08:49:17.767Z] Time:          Sun Feb 11 2024 03:49:17 GMT-0500 (Eastern Standard Time)
[debug] [2024-02-11T08:49:17.767Z] ----------------------------------------------------------------------
[debug] 
[debug] [2024-02-11T08:49:17.830Z] > command requires scopes: ["email","openid","https://www.googleapis.com/auth/cloudplatformprojects.readonly","https://www.googleapis.com/auth/firebase","https://www.googleapis.com/auth/cloud-platform"]
[debug] [2024-02-11T08:49:17.830Z] > authorizing via signed-in user (obscuritybass@gmail.com)
[debug] [2024-02-11T08:49:17.830Z] [iam] checking project obsc-users for permissions ["cloudfunctions.functions.create","cloudfunctions.functions.delete","cloudfunctions.functions.get","cloudfunctions.functions.list","cloudfunctions.functions.update","cloudfunctions.operations.get","firebase.projects.get"]
[debug] [2024-02-11T08:49:17.831Z] > refreshing access token with scopes: []
[debug] [2024-02-11T08:49:17.833Z] >>> [apiv2][query] POST https://www.googleapis.com/oauth2/v3/token [none]
[debug] [2024-02-11T08:49:17.833Z] >>> [apiv2][body] POST https://www.googleapis.com/oauth2/v3/token [omitted]
[debug] [2024-02-11T08:49:18.034Z] <<< [apiv2][status] POST https://www.googleapis.com/oauth2/v3/token 200
[debug] [2024-02-11T08:49:18.034Z] <<< [apiv2][body] POST https://www.googleapis.com/oauth2/v3/token [omitted]
[debug] [2024-02-11T08:49:18.083Z] >>> [apiv2][query] POST https://cloudresourcemanager.googleapis.com/v1/projects/obsc-users:testIamPermissions [none]
[debug] [2024-02-11T08:49:18.083Z] >>> [apiv2][(partial)header] POST https://cloudresourcemanager.googleapis.com/v1/projects/obsc-users:testIamPermissions x-goog-quota-user=projects/obsc-users
[debug] [2024-02-11T08:49:18.083Z] >>> [apiv2][body] POST https://cloudresourcemanager.googleapis.com/v1/projects/obsc-users:testIamPermissions {"permissions":["cloudfunctions.functions.create","cloudfunctions.functions.delete","cloudfunctions.functions.get","cloudfunctions.functions.list","cloudfunctions.functions.update","cloudfunctions.operations.get","firebase.projects.get"]}
[debug] [2024-02-11T08:49:18.281Z] <<< [apiv2][status] POST https://cloudresourcemanager.googleapis.com/v1/projects/obsc-users:testIamPermissions 200
[debug] [2024-02-11T08:49:18.281Z] <<< [apiv2][body] POST https://cloudresourcemanager.googleapis.com/v1/projects/obsc-users:testIamPermissions {"permissions":["cloudfunctions.functions.create","cloudfunctions.functions.delete","cloudfunctions.functions.get","cloudfunctions.functions.list","cloudfunctions.functions.update","cloudfunctions.operations.get","firebase.projects.get"]}
[debug] [2024-02-11T08:49:18.281Z] >>> [apiv2][query] POST https://iam.googleapis.com/v1/projects/obsc-users/serviceAccounts/obsc-users@appspot.gserviceaccount.com:testIamPermissions [none]
[debug] [2024-02-11T08:49:18.281Z] >>> [apiv2][body] POST https://iam.googleapis.com/v1/projects/obsc-users/serviceAccounts/obsc-users@appspot.gserviceaccount.com:testIamPermissions {"permissions":["iam.serviceAccounts.actAs"]}
[debug] [2024-02-11T08:49:18.611Z] <<< [apiv2][status] POST https://iam.googleapis.com/v1/projects/obsc-users/serviceAccounts/obsc-users@appspot.gserviceaccount.com:testIamPermissions 200
[debug] [2024-02-11T08:49:18.611Z] <<< [apiv2][body] POST https://iam.googleapis.com/v1/projects/obsc-users/serviceAccounts/obsc-users@appspot.gserviceaccount.com:testIamPermissions {"permissions":["iam.serviceAccounts.actAs"]}
[info] 
[info] === Deploying to 'obsc-users'...
[info] 
[info] i  deploying functions 
[info] Running command: npm --prefix "$RESOURCE_DIR" run build
[info] ✔  functions: Finished running predeploy script. 
[debug] [2024-02-11T08:49:25.220Z] >>> [apiv2][query] GET https://firebase.googleapis.com/v1beta1/projects/obsc-users [none]
[debug] [2024-02-11T08:49:25.513Z] <<< [apiv2][status] GET https://firebase.googleapis.com/v1beta1/projects/obsc-users 200
[debug] [2024-02-11T08:49:25.513Z] <<< [apiv2][body] GET https://firebase.googleapis.com/v1beta1/projects/obsc-users {"projectId":"obsc-users","projectNumber":"819866390249","displayName":"obsc-users","name":"projects/obsc-users","resources":{"hostingSite":"obsc-users","storageBucket":"obsc-users.appspot.com","locationId":"us-central"},"state":"ACTIVE","etag":"1_16bda893-6626-400f-8552-9853c881c2a2"}
[info] i  functions: preparing codebase default for deployment 
[info] i  functions: ensuring required API cloudfunctions.googleapis.com is enabled... 
[info] i  functions: ensuring required API cloudbuild.googleapis.com is enabled... 
[info] i  artifactregistry: ensuring required API artifactregistry.googleapis.com is enabled... 
[debug] [2024-02-11T08:49:25.515Z] >>> [apiv2][query] GET https://serviceusage.googleapis.com/v1/projects/obsc-users/services/cloudfunctions.googleapis.com [none]
[debug] [2024-02-11T08:49:25.515Z] >>> [apiv2][(partial)header] GET https://serviceusage.googleapis.com/v1/projects/obsc-users/services/cloudfunctions.googleapis.com x-goog-quota-user=projects/obsc-users
[debug] [2024-02-11T08:49:25.516Z] >>> [apiv2][query] GET https://serviceusage.googleapis.com/v1/projects/obsc-users/services/runtimeconfig.googleapis.com [none]
[debug] [2024-02-11T08:49:25.516Z] >>> [apiv2][(partial)header] GET https://serviceusage.googleapis.com/v1/projects/obsc-users/services/runtimeconfig.googleapis.com x-goog-quota-user=projects/obsc-users
[debug] [2024-02-11T08:49:25.517Z] >>> [apiv2][query] GET https://serviceusage.googleapis.com/v1/projects/obsc-users/services/cloudbuild.googleapis.com [none]
[debug] [2024-02-11T08:49:25.518Z] >>> [apiv2][(partial)header] GET https://serviceusage.googleapis.com/v1/projects/obsc-users/services/cloudbuild.googleapis.com x-goog-quota-user=projects/obsc-users
[debug] [2024-02-11T08:49:25.519Z] >>> [apiv2][query] GET https://serviceusage.googleapis.com/v1/projects/obsc-users/services/artifactregistry.googleapis.com [none]
[debug] [2024-02-11T08:49:25.519Z] >>> [apiv2][(partial)header] GET https://serviceusage.googleapis.com/v1/projects/obsc-users/services/artifactregistry.googleapis.com x-goog-quota-user=projects/obsc-users
[debug] [2024-02-11T08:49:25.950Z] <<< [apiv2][status] GET https://serviceusage.googleapis.com/v1/projects/obsc-users/services/runtimeconfig.googleapis.com 200
[debug] [2024-02-11T08:49:25.950Z] <<< [apiv2][body] GET https://serviceusage.googleapis.com/v1/projects/obsc-users/services/runtimeconfig.googleapis.com [omitted]
[debug] [2024-02-11T08:49:25.951Z] <<< [apiv2][status] GET https://serviceusage.googleapis.com/v1/projects/obsc-users/services/artifactregistry.googleapis.com 200
[debug] [2024-02-11T08:49:25.951Z] <<< [apiv2][body] GET https://serviceusage.googleapis.com/v1/projects/obsc-users/services/artifactregistry.googleapis.com [omitted]
[info] ✔  artifactregistry: required API artifactregistry.googleapis.com is enabled 
[debug] [2024-02-11T08:49:25.951Z] <<< [apiv2][status] GET https://serviceusage.googleapis.com/v1/projects/obsc-users/services/cloudbuild.googleapis.com 200
[debug] [2024-02-11T08:49:25.951Z] <<< [apiv2][body] GET https://serviceusage.googleapis.com/v1/projects/obsc-users/services/cloudbuild.googleapis.com [omitted]
[info] ✔  functions: required API cloudbuild.googleapis.com is enabled 
[debug] [2024-02-11T08:49:25.996Z] <<< [apiv2][status] GET https://serviceusage.googleapis.com/v1/projects/obsc-users/services/cloudfunctions.googleapis.com 200
[debug] [2024-02-11T08:49:25.996Z] <<< [apiv2][body] GET https://serviceusage.googleapis.com/v1/projects/obsc-users/services/cloudfunctions.googleapis.com [omitted]
[info] ✔  functions: required API cloudfunctions.googleapis.com is enabled 
[debug] [2024-02-11T08:49:25.997Z] >>> [apiv2][query] GET https://firebase.googleapis.com/v1beta1/projects/obsc-users/adminSdkConfig [none]
[debug] [2024-02-11T08:49:26.447Z] <<< [apiv2][status] GET https://firebase.googleapis.com/v1beta1/projects/obsc-users/adminSdkConfig 200
[debug] [2024-02-11T08:49:26.447Z] <<< [apiv2][body] GET https://firebase.googleapis.com/v1beta1/projects/obsc-users/adminSdkConfig {"projectId":"obsc-users","storageBucket":"obsc-users.appspot.com","locationId":"us-central"}
[debug] [2024-02-11T08:49:26.448Z] >>> [apiv2][query] GET https://runtimeconfig.googleapis.com/v1beta1/projects/obsc-users/configs [none]
[debug] [2024-02-11T08:49:27.092Z] <<< [apiv2][status] GET https://runtimeconfig.googleapis.com/v1beta1/projects/obsc-users/configs 200
[debug] [2024-02-11T08:49:27.092Z] <<< [apiv2][body] GET https://runtimeconfig.googleapis.com/v1beta1/projects/obsc-users/configs {}
[debug] [2024-02-11T08:49:27.093Z] Validating nodejs source
[debug] [2024-02-11T08:49:27.732Z] > [functions] package.json contents: {
  "name": "functions",
  "scripts": {
    "lint": "eslint --ext .js,.ts .",
    "build": "tsc",
    "build:watch": "tsc --watch",
    "serve": "npm run build && firebase emulators:start --only functions",
    "shell": "npm run build && firebase functions:shell",
    "start": "npm run shell",
    "deploy": "firebase deploy --only functions",
    "logs": "firebase functions:log"
  },
  "engines": {
    "node": "18"
  },
  "main": "lib/index.js",
  "dependencies": {
    "firebase-admin": "^11.8.0",
    "firebase-functions": "^4.3.1"
  },
  "devDependencies": {
    "@typescript-eslint/eslint-plugin": "^5.12.0",
    "@typescript-eslint/parser": "^5.12.0",
    "eslint": "^8.56.0",
    "eslint-config-google": "^0.14.0",
    "eslint-plugin-import": "^2.25.4",
    "firebase-functions-test": "^3.1.0",
    "typescript": "^4.9.0"
  },
  "private": true
}
[debug] [2024-02-11T08:49:27.732Z] Building nodejs source
[info] i  functions: Loading and analyzing source code for codebase default to determine what to deploy 
[debug] [2024-02-11T08:49:27.733Z] Could not find functions.yaml. Must use http discovery
[debug] [2024-02-11T08:49:27.742Z] Found firebase-functions binary at '/Users/jacobleone/Documents/twilio-firebase-mass-sms/functions/node_modules/.bin/firebase-functions'
[info] Serving at port 8933

[debug] [2024-02-11T08:49:28.202Z] Got response from /__/functions.yaml {"endpoints":{"addAdminRole":{"platform":"gcfv1","labels":{},"availableMemoryMb":null,"timeoutSeconds":null,"minInstances":null,"maxInstances":null,"ingressSettings":null,"serviceAccountEmail":null,"vpc":null,"callableTrigger":{},"entryPoint":"addAdminRole"},"removeAdminRole":{"platform":"gcfv1","labels":{},"availableMemoryMb":null,"timeoutSeconds":null,"minInstances":null,"maxInstances":null,"ingressSettings":null,"serviceAccountEmail":null,"vpc":null,"callableTrigger":{},"entryPoint":"removeAdminRole"},"findUserByEmailOrUsername":{"platform":"gcfv1","labels":{},"availableMemoryMb":null,"timeoutSeconds":null,"minInstances":null,"maxInstances":null,"ingressSettings":null,"serviceAccountEmail":null,"vpc":null,"callableTrigger":{},"entryPoint":"findUserByEmailOrUsername"}},"specVersion":"v1alpha1","requiredAPIs":[]}
[info] i  functions: preparing functions directory for uploading... 
[info] i  functions: packaged /Users/jacobleone/Documents/twilio-firebase-mass-sms/functions (90.72 KB) for uploading 
[debug] [2024-02-11T08:49:33.259Z] >>> [apiv2][query] GET https://cloudfunctions.googleapis.com/v1/projects/obsc-users/locations/-/functions [none]
[debug] [2024-02-11T08:49:33.820Z] <<< [apiv2][status] GET https://cloudfunctions.googleapis.com/v1/projects/obsc-users/locations/-/functions 200
[debug] [2024-02-11T08:49:33.820Z] <<< [apiv2][body] GET https://cloudfunctions.googleapis.com/v1/projects/obsc-users/locations/-/functions {"functions":[{"name":"projects/obsc-users/locations/us-central1/functions/addAdminRole","httpsTrigger":{"url":"https://us-central1-obsc-users.cloudfunctions.net/addAdminRole","securityLevel":"SECURE_ALWAYS"},"status":"ACTIVE","entryPoint":"addAdminRole","timeout":"60s","availableMemoryMb":256,"serviceAccountEmail":"obsc-users@appspot.gserviceaccount.com","updateTime":"2024-02-11T02:01:35.483Z","versionId":"3","labels":{"deployment-tool":"cli-firebase","deployment-callable":"true","firebase-functions-hash":"7ac2b91bbffebfedb2f40a805867e91410f4dd24"},"sourceUploadUrl":"https://storage.googleapis.com/uploads-878694126406.us-central1.cloudfunctions.appspot.com/02535e05-5673-41fe-91f9-704247941b4d.zip","environmentVariables":{"FIREBASE_CONFIG":"{\"projectId\":\"obsc-users\",\"storageBucket\":\"obsc-users.appspot.com\",\"locationId\":\"us-central\"}","GCLOUD_PROJECT":"obsc-users","EVENTARC_CLOUD_EVENT_SOURCE":"projects/obsc-users/locations/us-central1/functions/addAdminRole"},"runtime":"nodejs18","ingressSettings":"ALLOW_ALL","buildId":"3d142373-e2dd-4da2-9965-cda75ff3460d","buildEnvironmentVariables":{"GOOGLE_NODE_RUN_SCRIPTS":""},"buildName":"projects/819866390249/locations/us-central1/builds/3d142373-e2dd-4da2-9965-cda75ff3460d","dockerRegistry":"ARTIFACT_REGISTRY","automaticUpdatePolicy":{}},{"name":"projects/obsc-users/locations/us-central1/functions/removeAdminRole","httpsTrigger":{"url":"https://us-central1-obsc-users.cloudfunctions.net/removeAdminRole","securityLevel":"SECURE_ALWAYS"},"status":"ACTIVE","entryPoint":"removeAdminRole","timeout":"60s","availableMemoryMb":256,"serviceAccountEmail":"obsc-users@appspot.gserviceaccount.com","updateTime":"2024-02-11T02:01:34.089Z","versionId":"3","labels":{"deployment-tool":"cli-firebase","deployment-callable":"true","firebase-functions-hash":"7ac2b91bbffebfedb2f40a805867e91410f4dd24"},"sourceUploadUrl":"https://storage.googleapis.com/uploads-878694126406.us-central1.cloudfunctions.appspot.com/02535e05-5673-41fe-91f9-704247941b4d.zip","environmentVariables":{"FIREBASE_CONFIG":"{\"projectId\":\"obsc-users\",\"storageBucket\":\"obsc-users.appspot.com\",\"locationId\":\"us-central\"}","GCLOUD_PROJECT":"obsc-users","EVENTARC_CLOUD_EVENT_SOURCE":"projects/obsc-users/locations/us-central1/functions/removeAdminRole"},"runtime":"nodejs18","ingressSettings":"ALLOW_ALL","buildId":"3d142373-e2dd-4da2-9965-cda75ff3460d","buildEnvironmentVariables":{"GOOGLE_NODE_RUN_SCRIPTS":""},"buildName":"projects/819866390249/locations/us-central1/builds/3d142373-e2dd-4da2-9965-cda75ff3460d","dockerRegistry":"ARTIFACT_REGISTRY","automaticUpdatePolicy":{}}]}
[debug] [2024-02-11T08:49:33.821Z] >>> [apiv2][query] GET https://cloudfunctions.googleapis.com/v2/projects/obsc-users/locations/-/functions filter=environment%3D%22GEN_2%22
[debug] [2024-02-11T08:49:34.293Z] <<< [apiv2][status] GET https://cloudfunctions.googleapis.com/v2/projects/obsc-users/locations/-/functions 200
[debug] [2024-02-11T08:49:34.294Z] <<< [apiv2][body] GET https://cloudfunctions.googleapis.com/v2/projects/obsc-users/locations/-/functions {}
[debug] [2024-02-11T08:49:34.297Z] >>> [apiv2][query] GET https://firebase.googleapis.com/v1beta1/projects/obsc-users [none]
[debug] [2024-02-11T08:49:34.563Z] <<< [apiv2][status] GET https://firebase.googleapis.com/v1beta1/projects/obsc-users 200
[debug] [2024-02-11T08:49:34.563Z] <<< [apiv2][body] GET https://firebase.googleapis.com/v1beta1/projects/obsc-users {"projectId":"obsc-users","projectNumber":"819866390249","displayName":"obsc-users","name":"projects/obsc-users","resources":{"hostingSite":"obsc-users","storageBucket":"obsc-users.appspot.com","locationId":"us-central"},"state":"ACTIVE","etag":"1_16bda893-6626-400f-8552-9853c881c2a2"}
[debug] [2024-02-11T08:49:34.564Z] >>> [apiv2][query] POST https://cloudfunctions.googleapis.com/v1/projects/obsc-users/locations/us-central1/functions:generateUploadUrl [none]
[debug] [2024-02-11T08:49:34.564Z] >>> [apiv2][body] POST https://cloudfunctions.googleapis.com/v1/projects/obsc-users/locations/us-central1/functions:generateUploadUrl {}
[debug] [2024-02-11T08:49:35.148Z] <<< [apiv2][status] POST https://cloudfunctions.googleapis.com/v1/projects/obsc-users/locations/us-central1/functions:generateUploadUrl 200
[debug] [2024-02-11T08:49:35.148Z] <<< [apiv2][body] POST https://cloudfunctions.googleapis.com/v1/projects/obsc-users/locations/us-central1/functions:generateUploadUrl {"uploadUrl":"https://storage.googleapis.com/uploads-878694126406.us-central1.cloudfunctions.appspot.com/f5d8eb8e-3e8c-4058-ae0e-1f7df727dd47.zip?GoogleAccessId=service-819866390249@gcf-admin-robot.iam.gserviceaccount.com&Expires=1707643175&Signature=FKjcy%2Fgs%2B6PjUxZ5TsWBX%2Bj6n%2B3o3Em%2BVVejQyo05UzlAMSNI45gWDcHlq6GCzrtTOJh7L%2FEe1VPC1dofS81ttvEVi%2Bk6MUgNKQHH3xwi%2F5UcGubtvtCX8%2BKwtomT09QxIy7UJE1hDPOrWv9HisczeD8rfh0%2F2lWihMCVeHwhHSix2hTwA%2FWNCmuhs4wlMe54FUix9aydjqGnB1QqejrM%2BuMXrLA%2FCIHNjumGjfJhufvTckBRLwqvc%2Fq39LGpsWdwlLeHpEKC%2B2kbv4TGBPjf9LHwCtVLKYTtWosZ%2FZSYjGiJ%2F8U5WLNaQxMRQxg1sNWDNIttk0kSIb%2FRNAGXLWZ7w%3D%3D"}
[debug] [2024-02-11T08:49:35.149Z] >>> [apiv2][query] PUT https://storage.googleapis.com/uploads-878694126406.us-central1.cloudfunctions.appspot.com/f5d8eb8e-3e8c-4058-ae0e-1f7df727dd47.zip GoogleAccessId=service-819866390249%40gcf-admin-robot.iam.gserviceaccount.com&Expires=1707643175&Signature=FKjcy%2Fgs%2B6PjUxZ5TsWBX%2Bj6n%2B3o3Em%2BVVejQyo05UzlAMSNI45gWDcHlq6GCzrtTOJh7L%2FEe1VPC1dofS81ttvEVi%2Bk6MUgNKQHH3xwi%2F5UcGubtvtCX8%2BKwtomT09QxIy7UJE1hDPOrWv9HisczeD8rfh0%2F2lWihMCVeHwhHSix2hTwA%2FWNCmuhs4wlMe54FUix9aydjqGnB1QqejrM%2BuMXrLA%2FCIHNjumGjfJhufvTckBRLwqvc%2Fq39LGpsWdwlLeHpEKC%2B2kbv4TGBPjf9LHwCtVLKYTtWosZ%2FZSYjGiJ%2F8U5WLNaQxMRQxg1sNWDNIttk0kSIb%2FRNAGXLWZ7w%3D%3D
[debug] [2024-02-11T08:49:35.149Z] >>> [apiv2][body] PUT https://storage.googleapis.com/uploads-878694126406.us-central1.cloudfunctions.appspot.com/f5d8eb8e-3e8c-4058-ae0e-1f7df727dd47.zip [stream]
[debug] [2024-02-11T08:49:35.458Z] <<< [apiv2][status] PUT https://storage.googleapis.com/uploads-878694126406.us-central1.cloudfunctions.appspot.com/f5d8eb8e-3e8c-4058-ae0e-1f7df727dd47.zip 200
[debug] [2024-02-11T08:49:35.458Z] <<< [apiv2][body] PUT https://storage.googleapis.com/uploads-878694126406.us-central1.cloudfunctions.appspot.com/f5d8eb8e-3e8c-4058-ae0e-1f7df727dd47.zip [omitted]
[info] ✔  functions: functions folder uploaded successfully 
[info] i  functions: creating Node.js 18 (1st Gen) function findUserByEmailOrUsername(us-central1)... 
[info] i  functions: updating Node.js 18 (1st Gen) function addAdminRole(us-central1)... 
[info] i  functions: updating Node.js 18 (1st Gen) function removeAdminRole(us-central1)... 
[debug] [2024-02-11T08:49:35.463Z] >>> [apiv2][query] POST https://cloudfunctions.googleapis.com/v1/projects/obsc-users/locations/us-central1/functions [none]
[debug] [2024-02-11T08:49:35.463Z] >>> [apiv2][body] POST https://cloudfunctions.googleapis.com/v1/projects/obsc-users/locations/us-central1/functions {"name":"projects/obsc-users/locations/us-central1/functions/findUserByEmailOrUsername","sourceUploadUrl":"https://storage.googleapis.com/uploads-878694126406.us-central1.cloudfunctions.appspot.com/f5d8eb8e-3e8c-4058-ae0e-1f7df727dd47.zip?GoogleAccessId=service-819866390249@gcf-admin-robot.iam.gserviceaccount.com&Expires=1707643175&Signature=FKjcy%2Fgs%2B6PjUxZ5TsWBX%2Bj6n%2B3o3Em%2BVVejQyo05UzlAMSNI45gWDcHlq6GCzrtTOJh7L%2FEe1VPC1dofS81ttvEVi%2Bk6MUgNKQHH3xwi%2F5UcGubtvtCX8%2BKwtomT09QxIy7UJE1hDPOrWv9HisczeD8rfh0%2F2lWihMCVeHwhHSix2hTwA%2FWNCmuhs4wlMe54FUix9aydjqGnB1QqejrM%2BuMXrLA%2FCIHNjumGjfJhufvTckBRLwqvc%2Fq39LGpsWdwlLeHpEKC%2B2kbv4TGBPjf9LHwCtVLKYTtWosZ%2FZSYjGiJ%2F8U5WLNaQxMRQxg1sNWDNIttk0kSIb%2FRNAGXLWZ7w%3D%3D","entryPoint":"findUserByEmailOrUsername","runtime":"nodejs18","dockerRegistry":"ARTIFACT_REGISTRY","labels":{"deployment-tool":"cli-firebase","deployment-callable":"true","firebase-functions-hash":"7cdd43e30195b71a7e59a8f3f5dae45cfac2c840"},"httpsTrigger":{"securityLevel":"SECURE_ALWAYS"},"minInstances":null,"maxInstances":null,"ingressSettings":null,"environmentVariables":{"FIREBASE_CONFIG":"{\"projectId\":\"obsc-users\",\"storageBucket\":\"obsc-users.appspot.com\",\"locationId\":\"us-central\"}","GCLOUD_PROJECT":"obsc-users","EVENTARC_CLOUD_EVENT_SOURCE":"projects/obsc-users/locations/us-central1/functions/findUserByEmailOrUsername"},"serviceAccountEmail":null,"availableMemoryMb":null,"timeout":null,"vpcConnector":null,"vpcConnectorEgressSettings":null,"buildEnvironmentVariables":{"GOOGLE_NODE_RUN_SCRIPTS":""}}
[debug] [2024-02-11T08:49:36.175Z] <<< [apiv2][status] POST https://cloudfunctions.googleapis.com/v1/projects/obsc-users/locations/us-central1/functions 200
[debug] [2024-02-11T08:49:36.175Z] <<< [apiv2][body] POST https://cloudfunctions.googleapis.com/v1/projects/obsc-users/locations/us-central1/functions {"name":"operations/b2JzYy11c2Vycy91cy1jZW50cmFsMS9maW5kVXNlckJ5RW1haWxPclVzZXJuYW1lL1V0NlpNRUNMNGFr","metadata":{"@type":"type.googleapis.com/google.cloud.functions.v1.OperationMetadataV1","target":"projects/obsc-users/locations/us-central1/functions/findUserByEmailOrUsername","type":"CREATE_FUNCTION","request":{"@type":"type.googleapis.com/google.cloud.functions.v1.CloudFunction","name":"projects/obsc-users/locations/us-central1/functions/findUserByEmailOrUsername","httpsTrigger":{"securityLevel":"SECURE_ALWAYS"},"entryPoint":"findUserByEmailOrUsername","labels":{"deployment-tool":"cli-firebase","deployment-callable":"true","firebase-functions-hash":"7cdd43e30195b71a7e59a8f3f5dae45cfac2c840"},"sourceUploadUrl":"https://storage.googleapis.com/uploads-878694126406.us-central1.cloudfunctions.appspot.com/f5d8eb8e-3e8c-4058-ae0e-1f7df727dd47.zip?GoogleAccessId=service-819866390249@gcf-admin-robot.iam.gserviceaccount.com&Expires=1707643175&Signature=FKjcy%2Fgs%2B6PjUxZ5TsWBX%2Bj6n%2B3o3Em%2BVVejQyo05UzlAMSNI45gWDcHlq6GCzrtTOJh7L%2FEe1VPC1dofS81ttvEVi%2Bk6MUgNKQHH3xwi%2F5UcGubtvtCX8%2BKwtomT09QxIy7UJE1hDPOrWv9HisczeD8rfh0%2F2lWihMCVeHwhHSix2hTwA%2FWNCmuhs4wlMe54FUix9aydjqGnB1QqejrM%2BuMXrLA%2FCIHNjumGjfJhufvTckBRLwqvc%2Fq39LGpsWdwlLeHpEKC%2B2kbv4TGBPjf9LHwCtVLKYTtWosZ%2FZSYjGiJ%2F8U5WLNaQxMRQxg1sNWDNIttk0kSIb%2FRNAGXLWZ7w%3D%3D","environmentVariables":{"FIREBASE_CONFIG":"{\"projectId\":\"obsc-users\",\"storageBucket\":\"obsc-users.appspot.com\",\"locationId\":\"us-central\"}","GCLOUD_PROJECT":"obsc-users","EVENTARC_CLOUD_EVENT_SOURCE":"projects/obsc-users/locations/us-central1/functions/findUserByEmailOrUsername"},"runtime":"nodejs18","buildEnvironmentVariables":{"GOOGLE_NODE_RUN_SCRIPTS":""},"dockerRegistry":"ARTIFACT_REGISTRY"},"versionId":"1","updateTime":"2024-02-11T08:49:35Z"}}
[debug] [2024-02-11T08:49:36.176Z] >>> [apiv2][query] GET https://cloudfunctions.googleapis.com/v1/operations/b2JzYy11c2Vycy91cy1jZW50cmFsMS9maW5kVXNlckJ5RW1haWxPclVzZXJuYW1lL1V0NlpNRUNMNGFr [none]
[debug] [2024-02-11T08:49:36.481Z] <<< [apiv2][status] GET https://cloudfunctions.googleapis.com/v1/operations/b2JzYy11c2Vycy91cy1jZW50cmFsMS9maW5kVXNlckJ5RW1haWxPclVzZXJuYW1lL1V0NlpNRUNMNGFr 200
[debug] [2024-02-11T08:49:36.481Z] <<< [apiv2][body] GET https://cloudfunctions.googleapis.com/v1/operations/b2JzYy11c2Vycy91cy1jZW50cmFsMS9maW5kVXNlckJ5RW1haWxPclVzZXJuYW1lL1V0NlpNRUNMNGFr {"name":"operations/b2JzYy11c2Vycy91cy1jZW50cmFsMS9maW5kVXNlckJ5RW1haWxPclVzZXJuYW1lL1V0NlpNRUNMNGFr","metadata":{"@type":"type.googleapis.com/google.cloud.functions.v1.OperationMetadataV1","target":"projects/obsc-users/locations/us-central1/functions/findUserByEmailOrUsername","type":"CREATE_FUNCTION","request":{"@type":"type.googleapis.com/google.cloud.functions.v1.CloudFunction","name":"projects/obsc-users/locations/us-central1/functions/findUserByEmailOrUsername","httpsTrigger":{"securityLevel":"SECURE_ALWAYS"},"entryPoint":"findUserByEmailOrUsername","labels":{"deployment-tool":"cli-firebase","deployment-callable":"true","firebase-functions-hash":"7cdd43e30195b71a7e59a8f3f5dae45cfac2c840"},"sourceUploadUrl":"https://storage.googleapis.com/uploads-878694126406.us-central1.cloudfunctions.appspot.com/f5d8eb8e-3e8c-4058-ae0e-1f7df727dd47.zip?GoogleAccessId=service-819866390249@gcf-admin-robot.iam.gserviceaccount.com&Expires=1707643175&Signature=FKjcy%2Fgs%2B6PjUxZ5TsWBX%2Bj6n%2B3o3Em%2BVVejQyo05UzlAMSNI45gWDcHlq6GCzrtTOJh7L%2FEe1VPC1dofS81ttvEVi%2Bk6MUgNKQHH3xwi%2F5UcGubtvtCX8%2BKwtomT09QxIy7UJE1hDPOrWv9HisczeD8rfh0%2F2lWihMCVeHwhHSix2hTwA%2FWNCmuhs4wlMe54FUix9aydjqGnB1QqejrM%2BuMXrLA%2FCIHNjumGjfJhufvTckBRLwqvc%2Fq39LGpsWdwlLeHpEKC%2B2kbv4TGBPjf9LHwCtVLKYTtWosZ%2FZSYjGiJ%2F8U5WLNaQxMRQxg1sNWDNIttk0kSIb%2FRNAGXLWZ7w%3D%3D","environmentVariables":{"FIREBASE_CONFIG":"{\"projectId\":\"obsc-users\",\"storageBucket\":\"obsc-users.appspot.com\",\"locationId\":\"us-central\"}","GCLOUD_PROJECT":"obsc-users","EVENTARC_CLOUD_EVENT_SOURCE":"projects/obsc-users/locations/us-central1/functions/findUserByEmailOrUsername"},"runtime":"nodejs18","buildEnvironmentVariables":{"GOOGLE_NODE_RUN_SCRIPTS":""},"dockerRegistry":"ARTIFACT_REGISTRY"},"versionId":"1","updateTime":"2024-02-11T08:49:36Z"}}
[debug] [2024-02-11T08:49:36.982Z] [create-default-us-central1-findUserByEmailOrUsername] Retrying task index 0
[debug] [2024-02-11T08:49:36.983Z] >>> [apiv2][query] GET https://cloudfunctions.googleapis.com/v1/operations/b2JzYy11c2Vycy91cy1jZW50cmFsMS9maW5kVXNlckJ5RW1haWxPclVzZXJuYW1lL1V0NlpNRUNMNGFr [none]
[debug] [2024-02-11T08:49:37.300Z] <<< [apiv2][status] GET https://cloudfunctions.googleapis.com/v1/operations/b2JzYy11c2Vycy91cy1jZW50cmFsMS9maW5kVXNlckJ5RW1haWxPclVzZXJuYW1lL1V0NlpNRUNMNGFr 200
[debug] [2024-02-11T08:49:37.300Z] <<< [apiv2][body] GET https://cloudfunctions.googleapis.com/v1/operations/b2JzYy11c2Vycy91cy1jZW50cmFsMS9maW5kVXNlckJ5RW1haWxPclVzZXJuYW1lL1V0NlpNRUNMNGFr {"name":"operations/b2JzYy11c2Vycy91cy1jZW50cmFsMS9maW5kVXNlckJ5RW1haWxPclVzZXJuYW1lL1V0NlpNRUNMNGFr","metadata":{"@type":"type.googleapis.com/google.cloud.functions.v1.OperationMetadataV1","target":"projects/obsc-users/locations/us-central1/functions/findUserByEmailOrUsername","type":"CREATE_FUNCTION","request":{"@type":"type.googleapis.com/google.cloud.functions.v1.CloudFunction","name":"projects/obsc-users/locations/us-central1/functions/findUserByEmailOrUsername","httpsTrigger":{"securityLevel":"SECURE_ALWAYS"},"entryPoint":"findUserByEmailOrUsername","labels":{"deployment-tool":"cli-firebase","deployment-callable":"true","firebase-functions-hash":"7cdd43e30195b71a7e59a8f3f5dae45cfac2c840"},"sourceUploadUrl":"https://storage.googleapis.com/uploads-878694126406.us-central1.cloudfunctions.appspot.com/f5d8eb8e-3e8c-4058-ae0e-1f7df727dd47.zip?GoogleAccessId=service-819866390249@gcf-admin-robot.iam.gserviceaccount.com&Expires=1707643175&Signature=FKjcy%2Fgs%2B6PjUxZ5TsWBX%2Bj6n%2B3o3Em%2BVVejQyo05UzlAMSNI45gWDcHlq6GCzrtTOJh7L%2FEe1VPC1dofS81ttvEVi%2Bk6MUgNKQHH3xwi%2F5UcGubtvtCX8%2BKwtomT09QxIy7UJE1hDPOrWv9HisczeD8rfh0%2F2lWihMCVeHwhHSix2hTwA%2FWNCmuhs4wlMe54FUix9aydjqGnB1QqejrM%2BuMXrLA%2FCIHNjumGjfJhufvTckBRLwqvc%2Fq39LGpsWdwlLeHpEKC%2B2kbv4TGBPjf9LHwCtVLKYTtWosZ%2FZSYjGiJ%2F8U5WLNaQxMRQxg1sNWDNIttk0kSIb%2FRNAGXLWZ7w%3D%3D","environmentVariables":{"FIREBASE_CONFIG":"{\"projectId\":\"obsc-users\",\"storageBucket\":\"obsc-users.appspot.com\",\"locationId\":\"us-central\"}","GCLOUD_PROJECT":"obsc-users","EVENTARC_CLOUD_EVENT_SOURCE":"projects/obsc-users/locations/us-central1/functions/findUserByEmailOrUsername"},"runtime":"nodejs18","buildEnvironmentVariables":{"GOOGLE_NODE_RUN_SCRIPTS":""},"dockerRegistry":"ARTIFACT_REGISTRY"},"versionId":"1","updateTime":"2024-02-11T08:49:36Z","buildId":"4059796a-1983-42b3-9651-6bfbd0309e4d","buildName":"projects/819866390249/locations/us-central1/builds/4059796a-1983-42b3-9651-6bfbd0309e4d"}}
[debug] [2024-02-11T08:49:38.302Z] [create-default-us-central1-findUserByEmailOrUsername] Retrying task index 0
[debug] [2024-02-11T08:49:38.302Z] >>> [apiv2][query] GET https://cloudfunctions.googleapis.com/v1/operations/b2JzYy11c2Vycy91cy1jZW50cmFsMS9maW5kVXNlckJ5RW1haWxPclVzZXJuYW1lL1V0NlpNRUNMNGFr [none]
[debug] [2024-02-11T08:49:38.631Z] <<< [apiv2][status] GET https://cloudfunctions.googleapis.com/v1/operations/b2JzYy11c2Vycy91cy1jZW50cmFsMS9maW5kVXNlckJ5RW1haWxPclVzZXJuYW1lL1V0NlpNRUNMNGFr 200
[debug] [2024-02-11T08:49:38.631Z] <<< [apiv2][body] GET https://cloudfunctions.googleapis.com/v1/operations/b2JzYy11c2Vycy91cy1jZW50cmFsMS9maW5kVXNlckJ5RW1haWxPclVzZXJuYW1lL1V0NlpNRUNMNGFr {"name":"operations/b2JzYy11c2Vycy91cy1jZW50cmFsMS9maW5kVXNlckJ5RW1haWxPclVzZXJuYW1lL1V0NlpNRUNMNGFr","metadata":{"@type":"type.googleapis.com/google.cloud.functions.v1.OperationMetadataV1","target":"projects/obsc-users/locations/us-central1/functions/findUserByEmailOrUsername","type":"CREATE_FUNCTION","request":{"@type":"type.googleapis.com/google.cloud.functions.v1.CloudFunction","name":"projects/obsc-users/locations/us-central1/functions/findUserByEmailOrUsername","httpsTrigger":{"securityLevel":"SECURE_ALWAYS"},"entryPoint":"findUserByEmailOrUsername","labels":{"deployment-tool":"cli-firebase","deployment-callable":"true","firebase-functions-hash":"7cdd43e30195b71a7e59a8f3f5dae45cfac2c840"},"sourceUploadUrl":"https://storage.googleapis.com/uploads-878694126406.us-central1.cloudfunctions.appspot.com/f5d8eb8e-3e8c-4058-ae0e-1f7df727dd47.zip?GoogleAccessId=service-819866390249@gcf-admin-robot.iam.gserviceaccount.com&Expires=1707643175&Signature=FKjcy%2Fgs%2B6PjUxZ5TsWBX%2Bj6n%2B3o3Em%2BVVejQyo05UzlAMSNI45gWDcHlq6GCzrtTOJh7L%2FEe1VPC1dofS81ttvEVi%2Bk6MUgNKQHH3xwi%2F5UcGubtvtCX8%2BKwtomT09QxIy7UJE1hDPOrWv9HisczeD8rfh0%2F2lWihMCVeHwhHSix2hTwA%2FWNCmuhs4wlMe54FUix9aydjqGnB1QqejrM%2BuMXrLA%2FCIHNjumGjfJhufvTckBRLwqvc%2Fq39LGpsWdwlLeHpEKC%2B2kbv4TGBPjf9LHwCtVLKYTtWosZ%2FZSYjGiJ%2F8U5WLNaQxMRQxg1sNWDNIttk0kSIb%2FRNAGXLWZ7w%3D%3D","environmentVariables":{"FIREBASE_CONFIG":"{\"projectId\":\"obsc-users\",\"storageBucket\":\"obsc-users.appspot.com\",\"locationId\":\"us-central\"}","GCLOUD_PROJECT":"obsc-users","EVENTARC_CLOUD_EVENT_SOURCE":"projects/obsc-users/locations/us-central1/functions/findUserByEmailOrUsername"},"runtime":"nodejs18","buildEnvironmentVariables":{"GOOGLE_NODE_RUN_SCRIPTS":""},"dockerRegistry":"ARTIFACT_REGISTRY"},"versionId":"1","updateTime":"2024-02-11T08:49:36Z","buildId":"4059796a-1983-42b3-9651-6bfbd0309e4d","buildName":"projects/819866390249/locations/us-central1/builds/4059796a-1983-42b3-9651-6bfbd0309e4d"}}
[debug] [2024-02-11T08:49:40.632Z] [create-default-us-central1-findUserByEmailOrUsername] Retrying task index 0
[debug] [2024-02-11T08:49:40.632Z] >>> [apiv2][query] GET https://cloudfunctions.googleapis.com/v1/operations/b2JzYy11c2Vycy91cy1jZW50cmFsMS9maW5kVXNlckJ5RW1haWxPclVzZXJuYW1lL1V0NlpNRUNMNGFr [none]
[debug] [2024-02-11T08:49:40.974Z] <<< [apiv2][status] GET https://cloudfunctions.googleapis.com/v1/operations/b2JzYy11c2Vycy91cy1jZW50cmFsMS9maW5kVXNlckJ5RW1haWxPclVzZXJuYW1lL1V0NlpNRUNMNGFr 200
[debug] [2024-02-11T08:49:40.974Z] <<< [apiv2][body] GET https://cloudfunctions.googleapis.com/v1/operations/b2JzYy11c2Vycy91cy1jZW50cmFsMS9maW5kVXNlckJ5RW1haWxPclVzZXJuYW1lL1V0NlpNRUNMNGFr {"name":"operations/b2JzYy11c2Vycy91cy1jZW50cmFsMS9maW5kVXNlckJ5RW1haWxPclVzZXJuYW1lL1V0NlpNRUNMNGFr","metadata":{"@type":"type.googleapis.com/google.cloud.functions.v1.OperationMetadataV1","target":"projects/obsc-users/locations/us-central1/functions/findUserByEmailOrUsername","type":"CREATE_FUNCTION","request":{"@type":"type.googleapis.com/google.cloud.functions.v1.CloudFunction","name":"projects/obsc-users/locations/us-central1/functions/findUserByEmailOrUsername","httpsTrigger":{"securityLevel":"SECURE_ALWAYS"},"entryPoint":"findUserByEmailOrUsername","labels":{"deployment-tool":"cli-firebase","deployment-callable":"true","firebase-functions-hash":"7cdd43e30195b71a7e59a8f3f5dae45cfac2c840"},"sourceUploadUrl":"https://storage.googleapis.com/uploads-878694126406.us-central1.cloudfunctions.appspot.com/f5d8eb8e-3e8c-4058-ae0e-1f7df727dd47.zip?GoogleAccessId=service-819866390249@gcf-admin-robot.iam.gserviceaccount.com&Expires=1707643175&Signature=FKjcy%2Fgs%2B6PjUxZ5TsWBX%2Bj6n%2B3o3Em%2BVVejQyo05UzlAMSNI45gWDcHlq6GCzrtTOJh7L%2FEe1VPC1dofS81ttvEVi%2Bk6MUgNKQHH3xwi%2F5UcGubtvtCX8%2BKwtomT09QxIy7UJE1hDPOrWv9HisczeD8rfh0%2F2lWihMCVeHwhHSix2hTwA%2FWNCmuhs4wlMe54FUix9aydjqGnB1QqejrM%2BuMXrLA%2FCIHNjumGjfJhufvTckBRLwqvc%2Fq39LGpsWdwlLeHpEKC%2B2kbv4TGBPjf9LHwCtVLKYTtWosZ%2FZSYjGiJ%2F8U5WLNaQxMRQxg1sNWDNIttk0kSIb%2FRNAGXLWZ7w%3D%3D","environmentVariables":{"FIREBASE_CONFIG":"{\"projectId\":\"obsc-users\",\"storageBucket\":\"obsc-users.appspot.com\",\"locationId\":\"us-central\"}","GCLOUD_PROJECT":"obsc-users","EVENTARC_CLOUD_EVENT_SOURCE":"projects/obsc-users/locations/us-central1/functions/findUserByEmailOrUsername"},"runtime":"nodejs18","buildEnvironmentVariables":{"GOOGLE_NODE_RUN_SCRIPTS":""},"dockerRegistry":"ARTIFACT_REGISTRY"},"versionId":"1","updateTime":"2024-02-11T08:49:36Z","buildId":"4059796a-1983-42b3-9651-6bfbd0309e4d","buildName":"projects/819866390249/locations/us-central1/builds/4059796a-1983-42b3-9651-6bfbd0309e4d"}}
[debug] [2024-02-11T08:49:44.975Z] [create-default-us-central1-findUserByEmailOrUsername] Retrying task index 0
[debug] [2024-02-11T08:49:44.975Z] >>> [apiv2][query] GET https://cloudfunctions.googleapis.com/v1/operations/b2JzYy11c2Vycy91cy1jZW50cmFsMS9maW5kVXNlckJ5RW1haWxPclVzZXJuYW1lL1V0NlpNRUNMNGFr [none]
[debug] [2024-02-11T08:49:45.287Z] <<< [apiv2][status] GET https://cloudfunctions.googleapis.com/v1/operations/b2JzYy11c2Vycy91cy1jZW50cmFsMS9maW5kVXNlckJ5RW1haWxPclVzZXJuYW1lL1V0NlpNRUNMNGFr 200
[debug] [2024-02-11T08:49:45.287Z] <<< [apiv2][body] GET https://cloudfunctions.googleapis.com/v1/operations/b2JzYy11c2Vycy91cy1jZW50cmFsMS9maW5kVXNlckJ5RW1haWxPclVzZXJuYW1lL1V0NlpNRUNMNGFr {"name":"operations/b2JzYy11c2Vycy91cy1jZW50cmFsMS9maW5kVXNlckJ5RW1haWxPclVzZXJuYW1lL1V0NlpNRUNMNGFr","metadata":{"@type":"type.googleapis.com/google.cloud.functions.v1.OperationMetadataV1","target":"projects/obsc-users/locations/us-central1/functions/findUserByEmailOrUsername","type":"CREATE_FUNCTION","request":{"@type":"type.googleapis.com/google.cloud.functions.v1.CloudFunction","name":"projects/obsc-users/locations/us-central1/functions/findUserByEmailOrUsername","httpsTrigger":{"securityLevel":"SECURE_ALWAYS"},"entryPoint":"findUserByEmailOrUsername","labels":{"deployment-tool":"cli-firebase","deployment-callable":"true","firebase-functions-hash":"7cdd43e30195b71a7e59a8f3f5dae45cfac2c840"},"sourceUploadUrl":"https://storage.googleapis.com/uploads-878694126406.us-central1.cloudfunctions.appspot.com/f5d8eb8e-3e8c-4058-ae0e-1f7df727dd47.zip?GoogleAccessId=service-819866390249@gcf-admin-robot.iam.gserviceaccount.com&Expires=1707643175&Signature=FKjcy%2Fgs%2B6PjUxZ5TsWBX%2Bj6n%2B3o3Em%2BVVejQyo05UzlAMSNI45gWDcHlq6GCzrtTOJh7L%2FEe1VPC1dofS81ttvEVi%2Bk6MUgNKQHH3xwi%2F5UcGubtvtCX8%2BKwtomT09QxIy7UJE1hDPOrWv9HisczeD8rfh0%2F2lWihMCVeHwhHSix2hTwA%2FWNCmuhs4wlMe54FUix9aydjqGnB1QqejrM%2BuMXrLA%2FCIHNjumGjfJhufvTckBRLwqvc%2Fq39LGpsWdwlLeHpEKC%2B2kbv4TGBPjf9LHwCtVLKYTtWosZ%2FZSYjGiJ%2F8U5WLNaQxMRQxg1sNWDNIttk0kSIb%2FRNAGXLWZ7w%3D%3D","environmentVariables":{"FIREBASE_CONFIG":"{\"projectId\":\"obsc-users\",\"storageBucket\":\"obsc-users.appspot.com\",\"locationId\":\"us-central\"}","GCLOUD_PROJECT":"obsc-users","EVENTARC_CLOUD_EVENT_SOURCE":"projects/obsc-users/locations/us-central1/functions/findUserByEmailOrUsername"},"runtime":"nodejs18","buildEnvironmentVariables":{"GOOGLE_NODE_RUN_SCRIPTS":""},"dockerRegistry":"ARTIFACT_REGISTRY"},"versionId":"1","updateTime":"2024-02-11T08:49:36Z","buildId":"4059796a-1983-42b3-9651-6bfbd0309e4d","buildName":"projects/819866390249/locations/us-central1/builds/4059796a-1983-42b3-9651-6bfbd0309e4d"}}
[debug] [2024-02-11T08:49:53.288Z] [create-default-us-central1-findUserByEmailOrUsername] Retrying task index 0
[debug] [2024-02-11T08:49:53.289Z] >>> [apiv2][query] GET https://cloudfunctions.googleapis.com/v1/operations/b2JzYy11c2Vycy91cy1jZW50cmFsMS9maW5kVXNlckJ5RW1haWxPclVzZXJuYW1lL1V0NlpNRUNMNGFr [none]
[debug] [2024-02-11T08:49:53.685Z] <<< [apiv2][status] GET https://cloudfunctions.googleapis.com/v1/operations/b2JzYy11c2Vycy91cy1jZW50cmFsMS9maW5kVXNlckJ5RW1haWxPclVzZXJuYW1lL1V0NlpNRUNMNGFr 200
[debug] [2024-02-11T08:49:53.686Z] <<< [apiv2][body] GET https://cloudfunctions.googleapis.com/v1/operations/b2JzYy11c2Vycy91cy1jZW50cmFsMS9maW5kVXNlckJ5RW1haWxPclVzZXJuYW1lL1V0NlpNRUNMNGFr {"name":"operations/b2JzYy11c2Vycy91cy1jZW50cmFsMS9maW5kVXNlckJ5RW1haWxPclVzZXJuYW1lL1V0NlpNRUNMNGFr","metadata":{"@type":"type.googleapis.com/google.cloud.functions.v1.OperationMetadataV1","target":"projects/obsc-users/locations/us-central1/functions/findUserByEmailOrUsername","type":"CREATE_FUNCTION","request":{"@type":"type.googleapis.com/google.cloud.functions.v1.CloudFunction","name":"projects/obsc-users/locations/us-central1/functions/findUserByEmailOrUsername","httpsTrigger":{"securityLevel":"SECURE_ALWAYS"},"entryPoint":"findUserByEmailOrUsername","labels":{"deployment-tool":"cli-firebase","deployment-callable":"true","firebase-functions-hash":"7cdd43e30195b71a7e59a8f3f5dae45cfac2c840"},"sourceUploadUrl":"https://storage.googleapis.com/uploads-878694126406.us-central1.cloudfunctions.appspot.com/f5d8eb8e-3e8c-4058-ae0e-1f7df727dd47.zip?GoogleAccessId=service-819866390249@gcf-admin-robot.iam.gserviceaccount.com&Expires=1707643175&Signature=FKjcy%2Fgs%2B6PjUxZ5TsWBX%2Bj6n%2B3o3Em%2BVVejQyo05UzlAMSNI45gWDcHlq6GCzrtTOJh7L%2FEe1VPC1dofS81ttvEVi%2Bk6MUgNKQHH3xwi%2F5UcGubtvtCX8%2BKwtomT09QxIy7UJE1hDPOrWv9HisczeD8rfh0%2F2lWihMCVeHwhHSix2hTwA%2FWNCmuhs4wlMe54FUix9aydjqGnB1QqejrM%2BuMXrLA%2FCIHNjumGjfJhufvTckBRLwqvc%2Fq39LGpsWdwlLeHpEKC%2B2kbv4TGBPjf9LHwCtVLKYTtWosZ%2FZSYjGiJ%2F8U5WLNaQxMRQxg1sNWDNIttk0kSIb%2FRNAGXLWZ7w%3D%3D","environmentVariables":{"FIREBASE_CONFIG":"{\"projectId\":\"obsc-users\",\"storageBucket\":\"obsc-users.appspot.com\",\"locationId\":\"us-central\"}","GCLOUD_PROJECT":"obsc-users","EVENTARC_CLOUD_EVENT_SOURCE":"projects/obsc-users/locations/us-central1/functions/findUserByEmailOrUsername"},"runtime":"nodejs18","buildEnvironmentVariables":{"GOOGLE_NODE_RUN_SCRIPTS":""},"dockerRegistry":"ARTIFACT_REGISTRY"},"versionId":"1","updateTime":"2024-02-11T08:49:36Z","buildId":"4059796a-1983-42b3-9651-6bfbd0309e4d","buildName":"projects/819866390249/locations/us-central1/builds/4059796a-1983-42b3-9651-6bfbd0309e4d"}}
[debug] [2024-02-11T08:50:03.686Z] [create-default-us-central1-findUserByEmailOrUsername] Retrying task index 0
[debug] [2024-02-11T08:50:03.686Z] >>> [apiv2][query] GET https://cloudfunctions.googleapis.com/v1/operations/b2JzYy11c2Vycy91cy1jZW50cmFsMS9maW5kVXNlckJ5RW1haWxPclVzZXJuYW1lL1V0NlpNRUNMNGFr [none]
[debug] [2024-02-11T08:50:03.999Z] <<< [apiv2][status] GET https://cloudfunctions.googleapis.com/v1/operations/b2JzYy11c2Vycy91cy1jZW50cmFsMS9maW5kVXNlckJ5RW1haWxPclVzZXJuYW1lL1V0NlpNRUNMNGFr 200
[debug] [2024-02-11T08:50:04.000Z] <<< [apiv2][body] GET https://cloudfunctions.googleapis.com/v1/operations/b2JzYy11c2Vycy91cy1jZW50cmFsMS9maW5kVXNlckJ5RW1haWxPclVzZXJuYW1lL1V0NlpNRUNMNGFr {"name":"operations/b2JzYy11c2Vycy91cy1jZW50cmFsMS9maW5kVXNlckJ5RW1haWxPclVzZXJuYW1lL1V0NlpNRUNMNGFr","metadata":{"@type":"type.googleapis.com/google.cloud.functions.v1.OperationMetadataV1","target":"projects/obsc-users/locations/us-central1/functions/findUserByEmailOrUsername","type":"CREATE_FUNCTION","request":{"@type":"type.googleapis.com/google.cloud.functions.v1.CloudFunction","name":"projects/obsc-users/locations/us-central1/functions/findUserByEmailOrUsername","httpsTrigger":{"securityLevel":"SECURE_ALWAYS"},"entryPoint":"findUserByEmailOrUsername","labels":{"deployment-tool":"cli-firebase","deployment-callable":"true","firebase-functions-hash":"7cdd43e30195b71a7e59a8f3f5dae45cfac2c840"},"sourceUploadUrl":"https://storage.googleapis.com/uploads-878694126406.us-central1.cloudfunctions.appspot.com/f5d8eb8e-3e8c-4058-ae0e-1f7df727dd47.zip?GoogleAccessId=service-819866390249@gcf-admin-robot.iam.gserviceaccount.com&Expires=1707643175&Signature=FKjcy%2Fgs%2B6PjUxZ5TsWBX%2Bj6n%2B3o3Em%2BVVejQyo05UzlAMSNI45gWDcHlq6GCzrtTOJh7L%2FEe1VPC1dofS81ttvEVi%2Bk6MUgNKQHH3xwi%2F5UcGubtvtCX8%2BKwtomT09QxIy7UJE1hDPOrWv9HisczeD8rfh0%2F2lWihMCVeHwhHSix2hTwA%2FWNCmuhs4wlMe54FUix9aydjqGnB1QqejrM%2BuMXrLA%2FCIHNjumGjfJhufvTckBRLwqvc%2Fq39LGpsWdwlLeHpEKC%2B2kbv4TGBPjf9LHwCtVLKYTtWosZ%2FZSYjGiJ%2F8U5WLNaQxMRQxg1sNWDNIttk0kSIb%2FRNAGXLWZ7w%3D%3D","environmentVariables":{"FIREBASE_CONFIG":"{\"projectId\":\"obsc-users\",\"storageBucket\":\"obsc-users.appspot.com\",\"locationId\":\"us-central\"}","GCLOUD_PROJECT":"obsc-users","EVENTARC_CLOUD_EVENT_SOURCE":"projects/obsc-users/locations/us-central1/functions/findUserByEmailOrUsername"},"runtime":"nodejs18","buildEnvironmentVariables":{"GOOGLE_NODE_RUN_SCRIPTS":""},"dockerRegistry":"ARTIFACT_REGISTRY"},"versionId":"1","updateTime":"2024-02-11T08:49:36Z","buildId":"4059796a-1983-42b3-9651-6bfbd0309e4d","buildName":"projects/819866390249/locations/us-central1/builds/4059796a-1983-42b3-9651-6bfbd0309e4d"}}
